Arguments: 
  C:\Program Files\nodejs\node.exe C:\Users\Administrator\AppData\Roaming\npm\node_modules\yarn\bin\yarn.js

PATH: 
  D:\software\Git\mingw64\bin;D:\software\Git\usr\bin;C:\Users\Administrator\bin;C:\Windows\system32;C:\Windows;C:\Windows\System32\Wbem;C:\Windows\System32\WindowsPowerShell\v1.0;C:\Windows\System32\OpenSSH;D:\software\Git\cmd;C:\Program Files\nodejs;C:\Program Files (x86)\NVIDIA Corporation\PhysX\Common;C:\Program Files\NVIDIA Corporation\NVIDIA NvDLISR;C:\Users\Administrator\AppData\Local\Microsoft\WindowsApps;D:\word\Microsoft VS Code\bin;D:\word\WebStorm 2020.3\bin;C:\Users\Administrator\AppData\Roaming\npm;C:\Program Files\MongoDB\Server\4.4\bin

Yarn version: 
  1.22.10

Node version: 
  14.8.0

Platform: 
  win32 x64

Trace: 
  SyntaxError: E:\个人项目\javascript\深拷贝\package.json: Unexpected token } in JSON at position 250
      at JSON.parse (<anonymous>)
      at C:\Users\Administrator\AppData\Roaming\npm\node_modules\yarn\lib\cli.js:1625:59
      at Generator.next (<anonymous>)
      at step (C:\Users\Administrator\AppData\Roaming\npm\node_modules\yarn\lib\cli.js:310:30)
      at C:\Users\Administrator\AppData\Roaming\npm\node_modules\yarn\lib\cli.js:321:13

npm manifest: 
  {
    "name": "深拷贝",
    "version": "1.0.0",
    "main": "index.js",
    "license": "MIT",
    "script":{
      "test":"mocha test/**/*.js"
    },
    "devDependencies": {
      "chai":"^4.2.0",
      "mocha":"^6.2.0",
      "sinon":"^7.4.1",
      "sinon-chai":"^3.3.0",
    }
  }

yarn manifest: 
  No manifest

Lockfile: 
  No lockfile
